TN:
SF:src\server.js
FN:45,(anonymous_0)
FN:51,(anonymous_1)
FN:79,(anonymous_2)
FN:84,(anonymous_3)
FN:94,(anonymous_4)
FNF:5
FNH:1
FNDA:0,(anonymous_0)
FNDA:0,(anonymous_1)
FNDA:0,(anonymous_2)
FNDA:0,(anonymous_3)
FNDA:2,(anonymous_4)
DA:1,2
DA:2,2
DA:3,2
DA:4,2
DA:5,2
DA:6,2
DA:7,2
DA:10,2
DA:13,2
DA:16,2
DA:24,2
DA:30,2
DA:38,2
DA:39,2
DA:40,2
DA:41,2
DA:42,2
DA:45,2
DA:46,0
DA:47,0
DA:51,2
DA:52,0
DA:56,2
DA:57,2
DA:58,2
DA:59,2
DA:60,2
DA:61,2
DA:62,2
DA:63,2
DA:67,2
DA:68,2
DA:69,2
DA:70,2
DA:71,2
DA:72,2
DA:73,2
DA:74,2
DA:75,2
DA:79,2
DA:80,0
DA:84,2
DA:85,0
DA:86,0
DA:93,2
DA:94,2
DA:95,2
DA:98,2
LF:48
LH:42
BRDA:17,0,0,2
BRDA:17,0,1,2
BRDA:88,1,0,0
BRDA:88,1,1,0
BRDA:93,2,0,2
BRDA:93,2,1,0
BRF:6
BRH:3
end_of_record
TN:
SF:src\config\jwt.js
FN:22,(anonymous_0)
FN:25,(anonymous_1)
FN:29,(anonymous_2)
FN:32,(anonymous_3)
FN:41,(anonymous_4)
FN:48,(anonymous_5)
FNF:6
FNH:5
FNDA:4,(anonymous_0)
FNDA:0,(anonymous_1)
FNDA:1,(anonymous_2)
FNDA:4,(anonymous_3)
FNDA:3,(anonymous_4)
FNDA:1,(anonymous_5)
DA:1,2
DA:4,2
DA:6,2
DA:22,4
DA:26,0
DA:29,1
DA:32,4
DA:41,3
DA:49,1
DA:50,1
DA:51,1
DA:55,2
LF:12
LH:11
BRDA:8,0,0,2
BRDA:8,0,1,2
BRDA:9,1,0,2
BRDA:9,1,1,2
BRDA:10,2,0,2
BRDA:10,2,1,2
BRDA:11,3,0,2
BRDA:11,3,1,2
BRDA:14,4,0,2
BRDA:14,4,1,2
BRDA:15,5,0,2
BRDA:15,5,1,2
BRDA:32,6,0,2
BRDA:34,7,0,2
BRDA:34,7,1,2
BRF:15
BRH:15
end_of_record
TN:
SF:src\controllers\authController.js
FN:12,(anonymous_0)
FN:27,(anonymous_1)
FN:92,(anonymous_2)
FN:149,(anonymous_3)
FN:212,(anonymous_4)
FN:247,(anonymous_5)
FN:258,(anonymous_6)
FNF:7
FNH:4
FNDA:5,(anonymous_0)
FNDA:0,(anonymous_1)
FNDA:7,(anonymous_2)
FNDA:0,(anonymous_3)
FNDA:0,(anonymous_4)
FNDA:2,(anonymous_5)
FNDA:2,(anonymous_6)
DA:1,2
DA:2,2
DA:3,2
DA:4,2
DA:12,2
DA:13,5
DA:23,5
DA:27,2
DA:28,0
DA:29,0
DA:30,0
DA:33,0
DA:34,0
DA:37,0
DA:38,0
DA:42,0
DA:43,0
DA:44,0
DA:50,0
DA:54,0
DA:57,0
DA:64,0
DA:65,0
DA:68,0
DA:70,0
DA:75,0
DA:82,0
DA:87,0
DA:88,0
DA:92,2
DA:93,7
DA:94,7
DA:95,7
DA:97,7
DA:98,2
DA:101,5
DA:102,5
DA:103,2
DA:109,2
DA:112,3
DA:113,3
DA:114,1
DA:119,1
DA:122,2
DA:123,2
DA:125,2
DA:127,2
DA:132,2
DA:139,0
DA:144,0
DA:145,0
DA:149,2
DA:150,0
DA:151,0
DA:152,0
DA:154,0
DA:155,0
DA:158,0
DA:159,0
DA:162,0
DA:163,0
DA:168,0
DA:172,0
DA:173,0
DA:174,0
DA:179,0
DA:182,0
DA:183,0
DA:184,0
DA:187,0
DA:189,0
DA:194,0
DA:196,0
DA:197,0
DA:199,0
DA:202,0
DA:207,0
DA:208,0
DA:212,2
DA:213,0
DA:214,0
DA:215,0
DA:217,0
DA:218,0
DA:219,0
DA:220,0
DA:222,0
DA:224,0
DA:231,0
DA:235,0
DA:237,0
DA:242,0
DA:243,0
DA:247,2
DA:248,2
DA:258,2
DA:259,2
DA:269,2
LF:98
LH:34
BRDA:12,0,0,0
BRDA:12,1,0,0
BRDA:12,2,0,0
BRDA:18,3,0,5
BRDA:18,3,1,0
BRDA:19,4,0,5
BRDA:19,4,1,5
BRDA:33,5,0,0
BRDA:33,5,1,0
BRDA:33,6,0,0
BRDA:33,6,1,0
BRDA:33,6,2,0
BRDA:37,7,0,0
BRDA:37,7,1,0
BRDA:43,8,0,0
BRDA:43,8,1,0
BRDA:97,9,0,2
BRDA:97,9,1,5
BRDA:97,10,0,7
BRDA:97,10,1,5
BRDA:102,11,0,2
BRDA:102,11,1,3
BRDA:113,12,0,1
BRDA:113,12,1,2
BRDA:154,13,0,0
BRDA:154,13,1,0
BRDA:162,14,0,0
BRDA:162,14,1,0
BRDA:172,15,0,0
BRDA:172,15,1,0
BRDA:172,16,0,0
BRDA:172,16,1,0
BRDA:183,17,0,0
BRDA:183,17,1,0
BRDA:196,18,0,0
BRDA:196,18,1,0
BRDA:215,19,0,0
BRDA:215,19,1,0
BRDA:217,20,0,0
BRDA:217,20,1,0
BRDA:220,21,0,0
BRDA:220,21,1,0
BRDA:220,22,0,0
BRDA:220,22,1,0
BRF:44
BRH:11
end_of_record
TN:
SF:src\controllers\googleAuthController.js
FN:14,(anonymous_0)
FN:37,(anonymous_1)
FN:88,(anonymous_2)
FN:125,(anonymous_3)
FNF:4
FNH:0
FNDA:0,(anonymous_0)
FNDA:0,(anonymous_1)
FNDA:0,(anonymous_2)
FNDA:0,(anonymous_3)
DA:1,2
DA:2,2
DA:14,2
DA:15,0
DA:17,0
DA:18,0
DA:22,0
DA:25,0
DA:27,0
DA:28,0
DA:37,2
DA:38,0
DA:39,0
DA:42,0
DA:43,0
DA:47,0
DA:50,0
DA:53,0
DA:54,0
DA:55,0
DA:59,0
DA:67,0
DA:68,0
DA:71,0
DA:76,0
DA:78,0
DA:79,0
DA:88,2
DA:89,0
DA:91,0
DA:92,0
DA:96,0
DA:98,0
DA:99,0
DA:103,0
DA:104,0
DA:108,0
DA:110,0
DA:115,0
DA:116,0
DA:125,2
DA:126,0
DA:128,0
DA:129,0
DA:133,0
DA:141,0
DA:143,0
DA:144,0
LF:48
LH:6
BRDA:17,0,0,0
BRDA:17,0,1,0
BRDA:17,1,0,0
BRDA:17,1,1,0
BRDA:42,2,0,0
BRDA:42,2,1,0
BRDA:42,3,0,0
BRDA:42,3,1,0
BRDA:54,4,0,0
BRDA:54,4,1,0
BRDA:91,5,0,0
BRDA:91,5,1,0
BRDA:91,6,0,0
BRDA:91,6,1,0
BRDA:98,7,0,0
BRDA:98,7,1,0
BRDA:103,8,0,0
BRDA:103,8,1,0
BRDA:128,9,0,0
BRDA:128,9,1,0
BRDA:128,10,0,0
BRDA:128,10,1,0
BRF:22
BRH:0
end_of_record
TN:
SF:src\controllers\googleSignInController.js
FN:18,(anonymous_0)
FN:83,(anonymous_1)
FN:92,(anonymous_2)
FNF:3
FNH:0
FNDA:0,(anonymous_0)
FNDA:0,(anonymous_1)
FNDA:0,(anonymous_2)
DA:1,2
DA:2,2
DA:3,2
DA:5,2
DA:8,2
DA:9,2
DA:10,2
DA:11,2
DA:18,2
DA:19,0
DA:20,0
DA:22,0
DA:23,0
DA:27,0
DA:32,0
DA:35,0
DA:38,0
DA:41,0
DA:42,0
DA:51,0
DA:52,0
DA:60,0
DA:61,0
DA:64,0
DA:66,0
DA:73,0
DA:74,0
DA:83,2
DA:84,0
DA:92,2
DA:93,0
LF:31
LH:11
BRDA:8,0,0,2
BRDA:8,0,1,0
BRDA:9,1,0,2
BRDA:9,1,1,0
BRDA:22,2,0,0
BRDA:22,2,1,0
BRDA:41,3,0,0
BRDA:41,3,1,0
BRDA:51,4,0,0
BRDA:51,4,1,0
BRDA:54,5,0,0
BRDA:54,5,1,0
BRF:12
BRH:2
end_of_record
TN:
SF:src\controllers\notebookController.js
FN:13,(anonymous_0)
FN:23,(anonymous_1)
FN:24,(anonymous_2)
FN:45,(anonymous_3)
FN:78,(anonymous_4)
FN:109,(anonymous_5)
FN:148,(anonymous_6)
FNF:7
FNH:0
FNDA:0,(anonymous_0)
FNDA:0,(anonymous_1)
FNDA:0,(anonymous_2)
FNDA:0,(anonymous_3)
FNDA:0,(anonymous_4)
FNDA:0,(anonymous_5)
FNDA:0,(anonymous_6)
DA:1,2
DA:13,2
DA:14,0
DA:15,0
DA:18,0
DA:21,0
DA:23,0
DA:24,0
DA:25,0
DA:33,0
DA:35,0
DA:36,0
DA:45,2
DA:46,0
DA:47,0
DA:48,0
DA:51,0
DA:53,0
DA:54,0
DA:58,0
DA:61,0
DA:66,0
DA:68,0
DA:69,0
DA:78,2
DA:79,0
DA:80,0
DA:81,0
DA:84,0
DA:85,0
DA:89,0
DA:97,0
DA:99,0
DA:100,0
DA:109,2
DA:110,0
DA:111,0
DA:112,0
DA:113,0
DA:116,0
DA:117,0
DA:121,0
DA:123,0
DA:124,0
DA:128,0
DA:134,0
DA:136,0
DA:138,0
DA:139,0
DA:148,2
DA:149,0
DA:150,0
DA:151,0
DA:154,0
DA:156,0
DA:157,0
DA:161,0
DA:163,0
DA:164,0
DA:170,0
DA:172,0
DA:173,0
DA:176,0
DA:178,0
DA:179,0
LF:65
LH:6
BRDA:53,0,0,0
BRDA:53,0,1,0
BRDA:84,1,0,0
BRDA:84,1,1,0
BRDA:92,2,0,0
BRDA:92,2,1,0
BRDA:116,3,0,0
BRDA:116,3,1,0
BRDA:123,4,0,0
BRDA:123,4,1,0
BRDA:156,5,0,0
BRDA:156,5,1,0
BRDA:163,6,0,0
BRDA:163,6,1,0
BRDA:172,7,0,0
BRDA:172,7,1,0
BRF:16
BRH:0
end_of_record
TN:
SF:src\controllers\searchController.js
FN:9,(anonymous_0)
FN:23,(anonymous_1)
FN:28,(anonymous_2)
FN:44,(anonymous_3)
FN:44,(anonymous_4)
FN:50,(anonymous_5)
FN:58,(anonymous_6)
FN:61,(anonymous_7)
FN:108,(anonymous_8)
FN:125,(anonymous_9)
FN:126,(anonymous_10)
FN:131,(anonymous_11)
FN:132,(anonymous_12)
FN:137,(anonymous_13)
FN:138,(anonymous_14)
FN:142,(anonymous_15)
FNF:16
FNH:0
FNDA:0,(anonymous_0)
FNDA:0,(anonymous_1)
FNDA:0,(anonymous_2)
FNDA:0,(anonymous_3)
FNDA:0,(anonymous_4)
FNDA:0,(anonymous_5)
FNDA:0,(anonymous_6)
FNDA:0,(anonymous_7)
FNDA:0,(anonymous_8)
FNDA:0,(anonymous_9)
FNDA:0,(anonymous_10)
FNDA:0,(anonymous_11)
FNDA:0,(anonymous_12)
FNDA:0,(anonymous_13)
FNDA:0,(anonymous_14)
FNDA:0,(anonymous_15)
DA:1,2
DA:9,2
DA:10,0
DA:11,0
DA:12,0
DA:14,0
DA:15,0
DA:19,0
DA:22,0
DA:23,0
DA:27,0
DA:28,0
DA:29,0
DA:30,0
DA:31,0
DA:33,0
DA:34,0
DA:36,0
DA:41,0
DA:42,0
DA:43,0
DA:44,0
DA:49,0
DA:50,0
DA:51,0
DA:58,0
DA:61,0
DA:63,0
DA:64,0
DA:65,0
DA:68,0
DA:71,0
DA:73,0
DA:74,0
DA:77,0
DA:80,0
DA:81,0
DA:84,0
DA:85,0
DA:90,0
DA:94,0
DA:100,0
DA:102,0
DA:103,0
DA:108,2
DA:109,0
DA:110,0
DA:111,0
DA:113,0
DA:114,0
DA:118,0
DA:119,0
DA:121,0
DA:124,0
DA:125,0
DA:126,0
DA:130,0
DA:131,0
DA:132,0
DA:136,0
DA:137,0
DA:138,0
DA:142,0
DA:143,0
DA:144,0
DA:146,0
DA:147,0
DA:150,0
DA:153,0
DA:155,0
DA:156,0
DA:160,2
LF:72
LH:4
BRDA:14,0,0,0
BRDA:14,0,1,0
BRDA:22,1,0,0
BRDA:22,1,1,0
BRDA:27,2,0,0
BRDA:27,2,1,0
BRDA:27,3,0,0
BRDA:27,3,1,0
BRDA:30,4,0,0
BRDA:30,4,1,0
BRDA:30,5,0,0
BRDA:30,5,1,0
BRDA:33,6,0,0
BRDA:33,6,1,0
BRDA:33,7,0,0
BRDA:33,7,1,0
BRDA:41,8,0,0
BRDA:41,8,1,0
BRDA:42,9,0,0
BRDA:42,9,1,0
BRDA:44,10,0,0
BRDA:44,10,1,0
BRDA:52,11,0,0
BRDA:52,11,1,0
BRDA:52,11,2,0
BRDA:52,11,3,0
BRDA:63,12,0,0
BRDA:63,12,1,0
BRDA:71,13,0,0
BRDA:71,13,1,0
BRDA:80,14,0,0
BRDA:80,14,1,0
BRDA:84,15,0,0
BRDA:84,15,1,0
BRDA:91,16,0,0
BRDA:91,16,1,0
BRDA:113,17,0,0
BRDA:113,17,1,0
BRDA:113,18,0,0
BRDA:113,18,1,0
BRDA:125,19,0,0
BRDA:125,19,1,0
BRDA:131,20,0,0
BRDA:131,20,1,0
BRDA:143,21,0,0
BRDA:143,21,1,0
BRDA:144,22,0,0
BRDA:144,22,1,0
BRDA:146,23,0,0
BRDA:146,23,1,0
BRF:50
BRH:0
end_of_record
TN:
SF:src\controllers\syncController.js
FN:14,(anonymous_0)
FN:61,(anonymous_1)
FN:89,(anonymous_2)
FN:118,(anonymous_3)
FNF:4
FNH:0
FNDA:0,(anonymous_0)
FNDA:0,(anonymous_1)
FNDA:0,(anonymous_2)
FNDA:0,(anonymous_3)
DA:1,2
DA:2,2
DA:14,2
DA:15,0
DA:17,0
DA:18,0
DA:21,0
DA:23,0
DA:24,0
DA:28,0
DA:30,0
DA:31,0
DA:35,0
DA:38,0
DA:43,0
DA:48,0
DA:49,0
DA:61,2
DA:62,0
DA:64,0
DA:65,0
DA:69,0
DA:71,0
DA:76,0
DA:77,0
DA:89,2
DA:90,0
DA:92,0
DA:93,0
DA:99,0
DA:105,0
DA:106,0
DA:118,2
DA:119,0
DA:121,0
DA:122,0
DA:125,0
DA:127,0
DA:128,0
DA:132,0
DA:134,0
DA:135,0
DA:138,0
DA:142,0
DA:143,0
LF:45
LH:6
BRDA:17,0,0,0
BRDA:17,0,1,0
BRDA:17,1,0,0
BRDA:17,1,1,0
BRDA:23,2,0,0
BRDA:23,2,1,0
BRDA:30,3,0,0
BRDA:30,3,1,0
BRDA:64,4,0,0
BRDA:64,4,1,0
BRDA:64,5,0,0
BRDA:64,5,1,0
BRDA:92,6,0,0
BRDA:92,6,1,0
BRDA:92,7,0,0
BRDA:92,7,1,0
BRDA:121,8,0,0
BRDA:121,8,1,0
BRDA:121,9,0,0
BRDA:121,9,1,0
BRDA:127,10,0,0
BRDA:127,10,1,0
BRDA:134,11,0,0
BRDA:134,11,1,0
BRF:24
BRH:0
end_of_record
TN:
SF:src\controllers\tagController.js
FN:9,(anonymous_0)
FN:17,(anonymous_1)
FN:27,(anonymous_2)
FN:42,(anonymous_3)
FN:42,(anonymous_4)
FN:46,(anonymous_5)
FN:62,(anonymous_6)
FN:74,(anonymous_7)
FN:91,(anonymous_8)
FN:108,(anonymous_9)
FN:131,(anonymous_10)
FN:146,(anonymous_11)
FN:146,(anonymous_12)
FN:151,(anonymous_13)
FN:170,(anonymous_14)
FN:185,(anonymous_15)
FN:185,(anonymous_16)
FN:189,(anonymous_17)
FNF:18
FNH:0
FNDA:0,(anonymous_0)
FNDA:0,(anonymous_1)
FNDA:0,(anonymous_2)
FNDA:0,(anonymous_3)
FNDA:0,(anonymous_4)
FNDA:0,(anonymous_5)
FNDA:0,(anonymous_6)
FNDA:0,(anonymous_7)
FNDA:0,(anonymous_8)
FNDA:0,(anonymous_9)
FNDA:0,(anonymous_10)
FNDA:0,(anonymous_11)
FNDA:0,(anonymous_12)
FNDA:0,(anonymous_13)
FNDA:0,(anonymous_14)
FNDA:0,(anonymous_15)
FNDA:0,(anonymous_16)
FNDA:0,(anonymous_17)
DA:1,2
DA:9,2
DA:10,0
DA:11,0
DA:14,0
DA:17,0
DA:19,0
DA:21,0
DA:22,0
DA:27,2
DA:28,0
DA:29,0
DA:30,0
DA:33,0
DA:35,0
DA:36,0
DA:40,0
DA:41,0
DA:42,0
DA:46,0
DA:49,0
DA:54,0
DA:56,0
DA:57,0
DA:62,2
DA:63,0
DA:64,0
DA:65,0
DA:68,0
DA:69,0
DA:73,0
DA:74,0
DA:76,0
DA:77,0
DA:81,0
DA:83,0
DA:85,0
DA:86,0
DA:91,2
DA:92,0
DA:93,0
DA:94,0
DA:95,0
DA:98,0
DA:100,0
DA:101,0
DA:105,0
DA:106,0
DA:107,0
DA:108,0
DA:111,0
DA:112,0
DA:117,0
DA:118,0
DA:119,0
DA:121,0
DA:123,0
DA:125,0
DA:126,0
DA:131,2
DA:132,0
DA:133,0
DA:134,0
DA:137,0
DA:139,0
DA:140,0
DA:144,0
DA:145,0
DA:146,0
DA:150,0
DA:151,0
DA:152,0
DA:156,0
DA:158,0
DA:159,0
DA:162,0
DA:164,0
DA:165,0
DA:170,2
DA:171,0
DA:172,0
DA:173,0
DA:176,0
DA:178,0
DA:179,0
DA:183,0
DA:184,0
DA:185,0
DA:189,0
DA:191,0
DA:193,0
DA:194,0
DA:198,2
LF:93
LH:8
BRDA:35,0,0,0
BRDA:35,0,1,0
BRDA:42,1,0,0
BRDA:42,1,1,0
BRDA:68,2,0,0
BRDA:68,2,1,0
BRDA:76,3,0,0
BRDA:76,3,1,0
BRDA:100,4,0,0
BRDA:100,4,1,0
BRDA:105,5,0,0
BRDA:105,5,1,0
BRDA:105,6,0,0
BRDA:105,6,1,0
BRDA:108,7,0,0
BRDA:108,7,1,0
BRDA:111,8,0,0
BRDA:111,8,1,0
BRDA:118,9,0,0
BRDA:118,9,1,0
BRDA:119,10,0,0
BRDA:119,10,1,0
BRDA:139,11,0,0
BRDA:139,11,1,0
BRDA:146,12,0,0
BRDA:146,12,1,0
BRDA:158,13,0,0
BRDA:158,13,1,0
BRDA:178,14,0,0
BRDA:178,14,1,0
BRDA:185,15,0,0
BRDA:185,15,1,0
BRF:32
BRH:0
end_of_record
TN:
SF:src\middleware\authenticateToken.js
FN:9,authenticateToken
FNF:1
FNH:1
FNDA:4,authenticateToken
DA:1,2
DA:2,2
DA:3,2
DA:10,4
DA:12,4
DA:13,4
DA:15,4
DA:16,1
DA:19,3
DA:21,3
DA:24,1
DA:25,0
DA:29,1
DA:30,1
DA:31,0
DA:32,0
DA:36,1
DA:37,1
DA:38,0
DA:42,1
DA:43,1
DA:46,1
DA:47,0
DA:57,0
DA:60,1
DA:63,2
DA:69,2
DA:70,1
DA:73,1
DA:74,1
DA:77,0
DA:80,0
DA:81,0
DA:85,2
LF:34
LH:25
BRDA:13,0,0,4
BRDA:13,0,1,3
BRDA:15,1,0,1
BRDA:15,1,1,3
BRDA:24,2,0,0
BRDA:24,2,1,1
BRDA:30,3,0,0
BRDA:30,3,1,1
BRDA:30,4,0,1
BRDA:30,4,1,1
BRDA:37,5,0,0
BRDA:37,5,1,1
BRDA:46,6,0,0
BRDA:46,6,1,1
BRDA:69,7,0,1
BRDA:69,7,1,1
BRDA:73,8,0,1
BRDA:73,8,1,0
BRF:18
BRH:13
end_of_record
TN:
SF:src\routes\authRoutes.js
FNF:0
FNH:0
DA:1,2
DA:2,2
DA:3,2
DA:11,2
DA:14,2
DA:17,2
DA:20,2
DA:22,2
LF:8
LH:8
BRF:0
BRH:0
end_of_record
TN:
SF:src\routes\googleAuthRoutes.js
FNF:0
FNH:0
DA:1,2
DA:2,2
DA:3,2
DA:4,2
DA:11,2
DA:14,2
DA:17,2
DA:20,2
DA:22,2
LF:9
LH:9
BRF:0
BRH:0
end_of_record
TN:
SF:src\routes\googleSignInRoutes.js
FNF:0
FNH:0
DA:1,2
DA:2,2
DA:3,2
DA:10,2
DA:12,2
LF:5
LH:5
BRF:0
BRH:0
end_of_record
TN:
SF:src\routes\noteRoutes.js
FNF:0
FNH:0
DA:1,2
DA:2,2
DA:3,2
DA:4,2
DA:12,2
DA:15,2
DA:18,2
DA:21,2
DA:24,2
DA:27,2
DA:30,2
DA:33,2
DA:35,2
LF:13
LH:13
BRF:0
BRH:0
end_of_record
TN:
SF:src\routes\notebookRoutes.js
FNF:0
FNH:0
DA:1,2
DA:2,2
DA:3,2
DA:4,2
DA:12,2
DA:15,2
DA:18,2
DA:21,2
DA:24,2
DA:27,2
DA:29,2
LF:11
LH:11
BRF:0
BRH:0
end_of_record
TN:
SF:src\routes\searchRoutes.js
FNF:0
FNH:0
DA:1,2
DA:2,2
DA:3,2
DA:4,2
DA:12,2
DA:15,2
DA:18,2
DA:20,2
LF:8
LH:8
BRF:0
BRH:0
end_of_record
TN:
SF:src\routes\syncRoutes.js
FNF:0
FNH:0
DA:1,2
DA:2,2
DA:3,2
DA:4,2
DA:11,2
DA:14,2
DA:17,2
DA:20,2
DA:22,2
LF:9
LH:9
BRF:0
BRH:0
end_of_record
TN:
SF:src\routes\tagRoutes.js
FNF:0
FNH:0
DA:1,2
DA:2,2
DA:3,2
DA:4,2
DA:12,2
DA:15,2
DA:18,2
DA:21,2
DA:24,2
DA:27,2
DA:30,2
DA:32,2
LF:12
LH:12
BRF:0
BRH:0
end_of_record
TN:
SF:src\services\driveService.js
FN:26,(anonymous_0)
FN:35,(anonymous_1)
FN:51,(anonymous_2)
FN:68,(anonymous_3)
FN:79,(anonymous_4)
FN:105,(anonymous_5)
FN:152,(anonymous_6)
FN:185,(anonymous_7)
FN:205,(anonymous_8)
FN:207,(anonymous_9)
FN:208,(anonymous_10)
FN:223,(anonymous_11)
FN:246,(anonymous_12)
FN:261,(anonymous_13)
FNF:14
FNH:0
FNDA:0,(anonymous_0)
FNDA:0,(anonymous_1)
FNDA:0,(anonymous_2)
FNDA:0,(anonymous_3)
FNDA:0,(anonymous_4)
FNDA:0,(anonymous_5)
FNDA:0,(anonymous_6)
FNDA:0,(anonymous_7)
FNDA:0,(anonymous_8)
FNDA:0,(anonymous_9)
FNDA:0,(anonymous_10)
FNDA:0,(anonymous_11)
FNDA:0,(anonymous_12)
FNDA:0,(anonymous_13)
DA:1,2
DA:2,2
DA:3,2
DA:4,2
DA:12,2
DA:17,2
DA:18,2
DA:20,2
DA:26,2
DA:27,0
DA:35,2
DA:36,0
DA:38,0
DA:51,2
DA:52,0
DA:54,0
DA:55,0
DA:56,0
DA:58,0
DA:59,0
DA:68,2
DA:69,0
DA:70,0
DA:71,0
DA:79,2
DA:80,0
DA:83,0
DA:85,0
DA:86,0
DA:87,0
DA:88,0
DA:90,0
DA:91,0
DA:95,0
DA:105,2
DA:106,0
DA:109,0
DA:113,0
DA:114,0
DA:121,0
DA:122,0
DA:126,0
DA:132,0
DA:137,0
DA:139,0
DA:140,0
DA:152,2
DA:153,0
DA:155,0
DA:156,0
DA:161,0
DA:165,0
DA:171,0
DA:173,0
DA:174,0
DA:185,2
DA:186,0
DA:188,0
DA:190,0
DA:195,0
DA:196,0
DA:199,0
DA:202,0
DA:205,0
DA:206,0
DA:207,0
DA:208,0
DA:212,0
DA:213,0
DA:223,2
DA:224,0
DA:226,0
DA:227,0
DA:233,0
DA:235,0
DA:236,0
DA:246,2
DA:248,0
DA:249,0
DA:252,0
DA:261,2
DA:264,0
DA:265,0
DA:267,0
LF:84
LH:19
BRDA:20,0,0,2
BRDA:20,0,1,0
BRDA:85,1,0,0
BRDA:85,1,1,0
BRDA:105,2,0,0
BRDA:109,3,0,0
BRDA:109,3,1,0
BRDA:121,4,0,0
BRDA:121,4,1,0
BRDA:129,5,0,0
BRDA:129,5,1,0
BRDA:252,6,0,0
BRDA:252,6,1,0
BRDA:267,7,0,0
BRDA:267,7,1,0
BRF:15
BRH:1
end_of_record
TN:
SF:src\services\syncService.js
FN:26,getAuthClientForUser
FN:73,syncNotebook
FN:102,(anonymous_2)
FN:125,syncNote
FN:178,syncAllUserNotes
FN:193,(anonymous_5)
FN:212,getSyncStatus
FNF:7
FNH:0
FNDA:0,getAuthClientForUser
FNDA:0,syncNotebook
FNDA:0,(anonymous_2)
FNDA:0,syncNote
FNDA:0,syncAllUserNotes
FNDA:0,(anonymous_5)
FNDA:0,getSyncStatus
DA:2,2
DA:3,2
DA:4,2
DA:5,2
DA:6,2
DA:14,2
DA:17,2
DA:18,0
DA:28,0
DA:30,0
DA:31,0
DA:35,0
DA:38,0
DA:45,0
DA:46,0
DA:49,0
DA:55,0
DA:59,0
DA:61,0
DA:74,0
DA:76,0
DA:79,0
DA:81,0
DA:82,0
DA:86,0
DA:93,0
DA:98,0
DA:101,0
DA:102,0
DA:105,0
DA:112,0
DA:113,0
DA:126,0
DA:128,0
DA:129,0
DA:132,0
DA:134,0
DA:136,0
DA:139,0
DA:147,0
DA:154,0
DA:156,0
DA:163,0
DA:164,0
DA:179,0
DA:181,0
DA:184,0
DA:189,0
DA:192,0
DA:193,0
DA:196,0
DA:202,0
DA:203,0
DA:213,0
DA:215,0
DA:217,0
DA:218,0
DA:221,0
DA:227,0
DA:228,0
DA:233,2
LF:61
LH:8
BRDA:17,0,0,0
BRDA:17,0,1,2
BRDA:30,1,0,0
BRDA:30,1,1,0
BRDA:30,2,0,0
BRDA:30,2,1,0
BRDA:30,2,2,0
BRDA:45,3,0,0
BRDA:45,3,1,0
BRDA:81,4,0,0
BRDA:81,4,1,0
BRDA:134,5,0,0
BRDA:134,5,1,0
BRDA:217,6,0,0
BRDA:217,6,1,0
BRDA:222,7,0,0
BRDA:222,7,1,0
BRDA:223,8,0,0
BRDA:223,8,1,0
BRDA:224,9,0,0
BRDA:224,9,1,0
BRF:21
BRH:1
end_of_record
TN:
SF:tests\helpers\testHelpers.js
FN:9,(anonymous_0)
FN:16,(anonymous_1)
FN:28,(anonymous_2)
FN:37,(anonymous_3)
FN:48,(anonymous_4)
FN:59,(anonymous_5)
FN:66,(anonymous_6)
FN:71,(anonymous_7)
FNF:8
FNH:0
FNDA:0,(anonymous_0)
FNDA:0,(anonymous_1)
FNDA:0,(anonymous_2)
FNDA:0,(anonymous_3)
FNDA:0,(anonymous_4)
FNDA:0,(anonymous_5)
FNDA:0,(anonymous_6)
FNDA:0,(anonymous_7)
DA:1,1
DA:2,1
DA:3,1
DA:4,1
DA:5,1
DA:7,1
DA:10,0
DA:11,0
DA:16,0
DA:28,0
DA:37,0
DA:49,0
DA:50,0
DA:51,0
DA:52,0
DA:54,0
DA:55,0
DA:60,0
DA:61,0
DA:67,0
DA:68,0
DA:69,0
DA:70,0
DA:71,0
DA:74,0
DA:79,1
LF:26
LH:7
BRDA:9,0,0,0
BRDA:16,1,0,0
BRDA:28,2,0,0
BRDA:37,3,0,0
BRDA:54,4,0,0
BRDA:54,4,1,0
BRDA:74,5,0,0
BRDA:74,5,1,0
BRF:8
BRH:0
end_of_record
